<?xml version="1.0" encoding="UTF-8"?>
<testsuites>
  <testsuite name="Project Test Suite" tests="20" assertions="93" failures="0" errors="0" time="10.080458">
    <testsuite name="JK\CmsBundle\Tests\Assets\ScriptRegistryTest" file="/home/johnkrovitch/Projects/LeComptoirDeLEcureuil/src/JK/CmsBundle/Tests/Assets/ScriptRegistryTest.php" tests="1" assertions="9" failures="0" errors="0" time="0.030673">
      <testcase name="testRegister" class="JK\CmsBundle\Tests\Assets\ScriptRegistryTest" file="/home/johnkrovitch/Projects/LeComptoirDeLEcureuil/src/JK/CmsBundle/Tests/Assets/ScriptRegistryTest.php" line="12" assertions="9" time="0.030673"/>
    </testsuite>
    <testsuite name="JK\CmsBundle\Tests\Form\Constraint\AddCommentTest" file="/home/johnkrovitch/Projects/LeComptoirDeLEcureuil/src/JK/CmsBundle/Tests/Form/Constraint/AddCommentTest.php" tests="2" assertions="2" failures="0" errors="0" time="0.002423">
      <testcase name="testValidatedBy" class="JK\CmsBundle\Tests\Form\Constraint\AddCommentTest" file="/home/johnkrovitch/Projects/LeComptoirDeLEcureuil/src/JK/CmsBundle/Tests/Form/Constraint/AddCommentTest.php" line="12" assertions="1" time="0.001465"/>
      <testcase name="testGetTargets" class="JK\CmsBundle\Tests\Form\Constraint\AddCommentTest" file="/home/johnkrovitch/Projects/LeComptoirDeLEcureuil/src/JK/CmsBundle/Tests/Form/Constraint/AddCommentTest.php" line="18" assertions="1" time="0.000958"/>
    </testsuite>
    <testsuite name="JK\CmsBundle\Tests\Form\Constraint\RecaptchaTest" file="/home/johnkrovitch/Projects/LeComptoirDeLEcureuil/src/JK/CmsBundle/Tests/Form/Constraint/RecaptchaTest.php" tests="2" assertions="2" failures="0" errors="0" time="0.004867">
      <testcase name="testValidatedBy" class="JK\CmsBundle\Tests\Form\Constraint\RecaptchaTest" file="/home/johnkrovitch/Projects/LeComptoirDeLEcureuil/src/JK/CmsBundle/Tests/Form/Constraint/RecaptchaTest.php" line="12" assertions="1" time="0.001180"/>
      <testcase name="testGetTargets" class="JK\CmsBundle\Tests\Form\Constraint\RecaptchaTest" file="/home/johnkrovitch/Projects/LeComptoirDeLEcureuil/src/JK/CmsBundle/Tests/Form/Constraint/RecaptchaTest.php" line="18" assertions="1" time="0.003687"/>
    </testsuite>
    <testsuite name="JK\CmsBundle\Tests\Form\Extension\AssetsExtensionTest" file="/home/johnkrovitch/Projects/LeComptoirDeLEcureuil/src/JK/CmsBundle/Tests/Form/Extension/AssetsExtensionTest.php" tests="1" assertions="9" failures="0" errors="0" time="0.022244">
      <testcase name="testAssetsExtension" class="JK\CmsBundle\Tests\Form\Extension\AssetsExtensionTest" file="/home/johnkrovitch/Projects/LeComptoirDeLEcureuil/src/JK/CmsBundle/Tests/Form/Extension/AssetsExtensionTest.php" line="16" assertions="9" time="0.022244"/>
    </testsuite>
    <testsuite name="JK\CmsBundle\Tests\Form\Transformer\MediaUploadTransformerTest" file="/home/johnkrovitch/Projects/LeComptoirDeLEcureuil/src/JK/CmsBundle/Tests/Form/Transformer/MediaUploadTransformerTest.php" tests="1" assertions="3" failures="0" errors="0" time="0.012661">
      <testcase name="testTransform" class="JK\CmsBundle\Tests\Form\Transformer\MediaUploadTransformerTest" file="/home/johnkrovitch/Projects/LeComptoirDeLEcureuil/src/JK/CmsBundle/Tests/Form/Transformer/MediaUploadTransformerTest.php" line="12" assertions="3" time="0.012661"/>
    </testsuite>
    <testsuite name="JK\CmsBundle\Tests\Form\Transformer\TagCollectionTransformerTest" file="/home/johnkrovitch/Projects/LeComptoirDeLEcureuil/src/JK/CmsBundle/Tests/Form/Transformer/TagCollectionTransformerTest.php" tests="2" assertions="10" failures="0" errors="0" time="0.017696">
      <testcase name="testTransform" class="JK\CmsBundle\Tests\Form\Transformer\TagCollectionTransformerTest" file="/home/johnkrovitch/Projects/LeComptoirDeLEcureuil/src/JK/CmsBundle/Tests/Form/Transformer/TagCollectionTransformerTest.php" line="16" assertions="2" time="0.011002"/>
      <testcase name="testReverseTransform" class="JK\CmsBundle\Tests\Form\Transformer\TagCollectionTransformerTest" file="/home/johnkrovitch/Projects/LeComptoirDeLEcureuil/src/JK/CmsBundle/Tests/Form/Transformer/TagCollectionTransformerTest.php" line="42" assertions="8" time="0.006694"/>
    </testsuite>
    <testsuite name="JK\CmsBundle\Tests\Form\Type\AddCommentTypeTest" file="/home/johnkrovitch/Projects/LeComptoirDeLEcureuil/src/JK/CmsBundle/Tests/Form/Type/AddCommentTypeTest.php" tests="1" assertions="15" failures="0" errors="0" time="0.100107">
      <testcase name="testSubmittedData" class="JK\CmsBundle\Tests\Form\Type\AddCommentTypeTest" file="/home/johnkrovitch/Projects/LeComptoirDeLEcureuil/src/JK/CmsBundle/Tests/Form/Type/AddCommentTypeTest.php" line="16" assertions="15" time="0.100107"/>
    </testsuite>
    <testsuite name="JK\CmsBundle\Tests\Form\Type\JQueryUploadTypeTest" file="/home/johnkrovitch/Projects/LeComptoirDeLEcureuil/src/JK/CmsBundle/Tests/Form/Type/JQueryUploadTypeTest.php" tests="1" assertions="5" failures="0" errors="0" time="0.027057">
      <testcase name="testSubmittedData" class="JK\CmsBundle\Tests\Form\Type\JQueryUploadTypeTest" file="/home/johnkrovitch/Projects/LeComptoirDeLEcureuil/src/JK/CmsBundle/Tests/Form/Type/JQueryUploadTypeTest.php" line="13" assertions="5" time="0.027057"/>
    </testsuite>
    <testsuite name="JK\CmsBundle\Tests\Form\Type\RecaptchaTypeTest" file="/home/johnkrovitch/Projects/LeComptoirDeLEcureuil/src/JK/CmsBundle/Tests/Form/Type/RecaptchaTypeTest.php" tests="1" assertions="5" failures="0" errors="0" time="0.008374">
      <testcase name="testSubmittedData" class="JK\CmsBundle\Tests\Form\Type\RecaptchaTypeTest" file="/home/johnkrovitch/Projects/LeComptoirDeLEcureuil/src/JK/CmsBundle/Tests/Form/Type/RecaptchaTypeTest.php" line="11" assertions="5" time="0.008374"/>
    </testsuite>
    <testsuite name="JK\CmsBundle\Tests\Form\Validator\AddCommentValidatorTest" file="/home/johnkrovitch/Projects/LeComptoirDeLEcureuil/src/JK/CmsBundle/Tests/Form/Validator/AddCommentValidatorTest.php" tests="1" assertions="4" failures="0" errors="0" time="0.019944">
      <testcase name="testValidate" class="JK\CmsBundle\Tests\Form\Validator\AddCommentValidatorTest" file="/home/johnkrovitch/Projects/LeComptoirDeLEcureuil/src/JK/CmsBundle/Tests/Form/Validator/AddCommentValidatorTest.php" line="15" assertions="4" time="0.019944"/>
    </testsuite>
    <testsuite name="JK\CmsBundle\Tests\Form\Validator\PublicationValidatorTest" file="/home/johnkrovitch/Projects/LeComptoirDeLEcureuil/src/JK/CmsBundle/Tests/Form/Validator/PublicationValidatorTest.php" tests="1" assertions="4" failures="0" errors="0" time="0.006146">
      <testcase name="testValidate" class="JK\CmsBundle\Tests\Form\Validator\PublicationValidatorTest" file="/home/johnkrovitch/Projects/LeComptoirDeLEcureuil/src/JK/CmsBundle/Tests/Form/Validator/PublicationValidatorTest.php" line="14" assertions="4" time="0.006146"/>
    </testsuite>
    <testsuite name="JK\CmsBundle\Tests\Form\Validator\RecaptchaValidatorTest" file="/home/johnkrovitch/Projects/LeComptoirDeLEcureuil/src/JK/CmsBundle/Tests/Form/Validator/RecaptchaValidatorTest.php" tests="1" assertions="1" failures="0" errors="0" time="0.012256">
      <testcase name="testValidate" class="JK\CmsBundle\Tests\Form\Validator\RecaptchaValidatorTest" file="/home/johnkrovitch/Projects/LeComptoirDeLEcureuil/src/JK/CmsBundle/Tests/Form/Validator/RecaptchaValidatorTest.php" line="13" assertions="1" time="0.012256"/>
    </testsuite>
    <testsuite name="JK\CmsBundle\Tests\Mail\CommentMailerTest" file="/home/johnkrovitch/Projects/LeComptoirDeLEcureuil/src/JK/CmsBundle/Tests/Mail/CommentMailerTest.php" tests="1" assertions="3" failures="0" errors="0" time="0.063502">
      <testcase name="testSendNewCommentMail" class="JK\CmsBundle\Tests\Mail\CommentMailerTest" file="/home/johnkrovitch/Projects/LeComptoirDeLEcureuil/src/JK/CmsBundle/Tests/Mail/CommentMailerTest.php" line="16" assertions="3" time="0.063502"/>
    </testsuite>
    <testsuite name="JK\StaticClientBundle\Tests\StaticClientBundle\Client\ClientTest" file="/home/johnkrovitch/Projects/LeComptoirDeLEcureuil/src/JK/StaticClientBundle/Tests/StaticClientBundle/Client/ClientTest.php" tests="1" assertions="1" failures="0" errors="0" time="0.008681">
      <testcase name="testPost" class="JK\StaticClientBundle\Tests\StaticClientBundle\Client\ClientTest" file="/home/johnkrovitch/Projects/LeComptoirDeLEcureuil/src/JK/StaticClientBundle/Tests/StaticClientBundle/Client/ClientTest.php" line="13" assertions="1" time="0.008681"/>
    </testsuite>
    <testsuite name="AppBundle\Tests\Controller\MainControllerTest" file="/home/johnkrovitch/Projects/LeComptoirDeLEcureuil/src/AppBundle/Tests/Controller/MainControllerTest.php" tests="3" assertions="20" failures="0" errors="0" time="9.743827">
      <testcase name="testHtml" class="AppBundle\Tests\Controller\MainControllerTest" file="/home/johnkrovitch/Projects/LeComptoirDeLEcureuil/src/AppBundle/Tests/Controller/MainControllerTest.php" line="30" assertions="2" time="6.117863"/>
      <testcase name="testMenu" class="AppBundle\Tests\Controller\MainControllerTest" file="/home/johnkrovitch/Projects/LeComptoirDeLEcureuil/src/AppBundle/Tests/Controller/MainControllerTest.php" line="43" assertions="14" time="1.880792"/>
      <testcase name="testAssets" class="AppBundle\Tests\Controller\MainControllerTest" file="/home/johnkrovitch/Projects/LeComptoirDeLEcureuil/src/AppBundle/Tests/Controller/MainControllerTest.php" line="68" assertions="4" time="1.745172"/>
    </testsuite>
  </testsuite>
</testsuites>
